0 info it worked if it ends with ok
1 verbose cli [ '/Users/konnosatoru/.ndenv/versions/v4.4.4/bin/node',
1 verbose cli   '/Users/konnosatoru/.ndenv/versions/v4.4.4/bin/npm',
1 verbose cli   'start' ]
2 info using npm@2.15.1
3 info using node@v4.4.4
4 verbose run-script [ 'prestart', 'start', 'poststart' ]
5 info prestart gbf-search@1.0.0
6 info start gbf-search@1.0.0
7 verbose unsafe-perm in lifecycle true
8 info gbf-search@1.0.0 Failed to exec start script
9 verbose stack Error: gbf-search@1.0.0 start: `node app.js`
9 verbose stack Exit status 1
9 verbose stack     at EventEmitter.<anonymous> (/Users/konnosatoru/.ndenv/versions/v4.4.4/lib/node_modules/npm/lib/utils/lifecycle.js:217:16)
9 verbose stack     at emitTwo (events.js:87:13)
9 verbose stack     at EventEmitter.emit (events.js:172:7)
9 verbose stack     at ChildProcess.<anonymous> (/Users/konnosatoru/.ndenv/versions/v4.4.4/lib/node_modules/npm/lib/utils/spawn.js:24:14)
9 verbose stack     at emitTwo (events.js:87:13)
9 verbose stack     at ChildProcess.emit (events.js:172:7)
9 verbose stack     at maybeClose (internal/child_process.js:827:16)
9 verbose stack     at Process.ChildProcess._handle.onexit (internal/child_process.js:211:5)
10 verbose pkgid gbf-search@1.0.0
11 verbose cwd /Users/konnosatoru/src/github.com/rutti-bep/gbf-search
12 error Darwin 16.7.0
13 error argv "/Users/konnosatoru/.ndenv/versions/v4.4.4/bin/node" "/Users/konnosatoru/.ndenv/versions/v4.4.4/bin/npm" "start"
14 error node v4.4.4
15 error npm  v2.15.1
16 error code ELIFECYCLE
17 error gbf-search@1.0.0 start: `node app.js`
17 error Exit status 1
18 error Failed at the gbf-search@1.0.0 start script 'node app.js'.
18 error This is most likely a problem with the gbf-search package,
18 error not with npm itself.
18 error Tell the author that this fails on your system:
18 error     node app.js
18 error You can get information on how to open an issue for this project with:
18 error     npm bugs gbf-search
18 error Or if that isn't available, you can get their info via:
18 error
18 error     npm owner ls gbf-search
18 error There is likely additional logging output above.
19 verbose exit [ 1, true ]
